<?xml version="1.0" ?>
<coverage version="7.2.7" timestamp="1706389804497" lines-valid="1878" lines-covered="1294" line-rate="0.689" branches-valid="303" branches-covered="16" branch-rate="0.05281" complexity="0">
	<!-- Generated by coverage.py: https://coverage.readthedocs.io/en/7.2.7 -->
	<!-- Based on https://raw.githubusercontent.com/cobertura/web/master/htdocs/xml/coverage-04.dtd -->
	<sources>
		<source>/Users/leahawasser/Documents/GitHub/stravalib</source>
	</sources>
	<packages>
		<package name="src.stravalib" line-rate="0.6967" branch-rate="0.05576" complexity="0">
			<classes>
				<class name="__init__.py" filename="src/stravalib/__init__.py" complexity="0" line-rate="0.6667" branch-rate="1">
					<methods/>
					<lines>
						<line number="1" hits="1"/>
						<line number="3" hits="1"/>
						<line number="5" hits="1"/>
						<line number="6" hits="1"/>
						<line number="7" hits="0"/>
						<line number="8" hits="0"/>
					</lines>
				</class>
				<class name="client.py" filename="src/stravalib/client.py" complexity="0" line-rate="0.2598" branch-rate="0.01714">
					<methods/>
					<lines>
						<line number="7" hits="1"/>
						<line number="9" hits="1"/>
						<line number="10" hits="1"/>
						<line number="11" hits="1"/>
						<line number="12" hits="1"/>
						<line number="13" hits="1"/>
						<line number="14" hits="1"/>
						<line number="15" hits="1"/>
						<line number="16" hits="1"/>
						<line number="17" hits="1"/>
						<line number="29" hits="1"/>
						<line number="30" hits="1"/>
						<line number="31" hits="1"/>
						<line number="32" hits="1"/>
						<line number="33" hits="1"/>
						<line number="35" hits="1"/>
						<line number="36" hits="1"/>
						<line number="44" hits="1"/>
						<line number="45" hits="1"/>
						<line number="46" hits="1"/>
						<line number="48" hits="1" branch="true" condition-coverage="50% (1/2)" missing-branches="49"/>
						<line number="49" hits="0"/>
						<line number="51" hits="1"/>
						<line number="52" hits="1"/>
						<line number="53" hits="1"/>
						<line number="54" hits="1"/>
						<line number="57" hits="1"/>
						<line number="65" hits="1"/>
						<line number="90" hits="1"/>
						<line number="94" hits="1" branch="true" condition-coverage="50% (1/2)" missing-branches="97"/>
						<line number="95" hits="1" branch="true" condition-coverage="50% (1/2)" missing-branches="103"/>
						<line number="96" hits="1"/>
						<line number="97" hits="0" branch="true" condition-coverage="0% (0/2)" missing-branches="98,103"/>
						<line number="98" hits="0"/>
						<line number="103" hits="1"/>
						<line number="109" hits="1"/>
						<line number="110" hits="1"/>
						<line number="112" hits="0"/>
						<line number="114" hits="1"/>
						<line number="115" hits="1"/>
						<line number="128" hits="0"/>
						<line number="130" hits="1"/>
						<line number="170" hits="0"/>
						<line number="178" hits="1"/>
						<line number="203" hits="0"/>
						<line number="207" hits="1"/>
						<line number="230" hits="0"/>
						<line number="236" hits="1"/>
						<line number="243" hits="0"/>
						<line number="245" hits="1"/>
						<line number="261" hits="0" branch="true" condition-coverage="0% (0/2)" missing-branches="262,263"/>
						<line number="262" hits="0"/>
						<line number="263" hits="0"/>
						<line number="264" hits="0" branch="true" condition-coverage="0% (0/2)" missing-branches="265,267"/>
						<line number="265" hits="0"/>
						<line number="267" hits="0"/>
						<line number="269" hits="1"/>
						<line number="297" hits="0"/>
						<line number="298" hits="0"/>
						<line number="299" hits="0"/>
						<line number="300" hits="0"/>
						<line number="304" hits="0"/>
						<line number="311" hits="1"/>
						<line number="329" hits="0"/>
						<line number="330" hits="0"/>
						<line number="332" hits="1"/>
						<line number="371" hits="0"/>
						<line number="377" hits="0" branch="true" condition-coverage="0% (0/2)" missing-branches="exit,378"/>
						<line number="378" hits="0" branch="true" condition-coverage="0% (0/2)" missing-branches="379,381"/>
						<line number="379" hits="0" branch="true" condition-coverage="0% (0/2)" missing-branches="378,380"/>
						<line number="380" hits="0"/>
						<line number="381" hits="0" branch="true" condition-coverage="0% (0/2)" missing-branches="382,384"/>
						<line number="382" hits="0"/>
						<line number="384" hits="0"/>
						<line number="385" hits="0"/>
						<line number="389" hits="1"/>
						<line number="409" hits="0"/>
						<line number="413" hits="0"/>
						<line number="420" hits="1"/>
						<line number="444" hits="0" branch="true" condition-coverage="0% (0/2)" missing-branches="445,447"/>
						<line number="445" hits="0"/>
						<line number="447" hits="0"/>
						<line number="451" hits="0"/>
						<line number="453" hits="1"/>
						<line number="468" hits="0"/>
						<line number="469" hits="0" branch="true" condition-coverage="0% (0/2)" missing-branches="exit,exit"/>
						<line number="474" hits="1"/>
						<line number="490" hits="0"/>
						<line number="492" hits="1"/>
						<line number="508" hits="0"/>
						<line number="510" hits="1"/>
						<line number="525" hits="0"/>
						<line number="526" hits="0"/>
						<line number="528" hits="1"/>
						<line number="548" hits="0"/>
						<line number="552" hits="0"/>
						<line number="559" hits="1"/>
						<line number="579" hits="0"/>
						<line number="583" hits="0"/>
						<line number="590" hits="1"/>
						<line number="614" hits="0"/>
						<line number="619" hits="0"/>
						<line number="622" hits="1"/>
						<line number="636" hits="0"/>
						<line number="641" hits="1"/>
						<line number="674" hits="0" branch="true" condition-coverage="0% (0/2)" missing-branches="675,677"/>
						<line number="675" hits="0"/>
						<line number="677" hits="0" branch="true" condition-coverage="0% (0/2)" missing-branches="678,680"/>
						<line number="678" hits="0"/>
						<line number="680" hits="0" branch="true" condition-coverage="0% (0/2)" missing-branches="681,683"/>
						<line number="681" hits="0"/>
						<line number="683" hits="0" branch="true" condition-coverage="0% (0/3)" missing-branches="exit,686,690"/>
						<line number="686" hits="0"/>
						<line number="690" hits="0"/>
						<line number="697" hits="0" branch="true" condition-coverage="0% (0/2)" missing-branches="698,700"/>
						<line number="698" hits="0"/>
						<line number="700" hits="0" branch="true" condition-coverage="0% (0/2)" missing-branches="701,703"/>
						<line number="701" hits="0"/>
						<line number="703" hits="0"/>
						<line number="705" hits="0"/>
						<line number="709" hits="1"/>
						<line number="781" hits="0"/>
						<line number="783" hits="0" branch="true" condition-coverage="0% (0/2)" missing-branches="784,786"/>
						<line number="784" hits="0"/>
						<line number="786" hits="0" branch="true" condition-coverage="0% (0/2)" missing-branches="787,800"/>
						<line number="787" hits="0" branch="true" condition-coverage="0% (0/3)" missing-branches="exit,790,793"/>
						<line number="790" hits="0"/>
						<line number="793" hits="0"/>
						<line number="794" hits="0"/>
						<line number="800" hits="0" branch="true" condition-coverage="0% (0/2)" missing-branches="801,810"/>
						<line number="801" hits="0" branch="true" condition-coverage="0% (0/2)" missing-branches="802,805"/>
						<line number="802" hits="0"/>
						<line number="805" hits="0"/>
						<line number="806" hits="0"/>
						<line number="810" hits="0" branch="true" condition-coverage="0% (0/2)" missing-branches="811,814"/>
						<line number="811" hits="0"/>
						<line number="812" hits="0"/>
						<line number="814" hits="0" branch="true" condition-coverage="0% (0/2)" missing-branches="815,817"/>
						<line number="815" hits="0"/>
						<line number="817" hits="0" branch="true" condition-coverage="0% (0/2)" missing-branches="818,820"/>
						<line number="818" hits="0"/>
						<line number="820" hits="0" branch="true" condition-coverage="0% (0/2)" missing-branches="821,823"/>
						<line number="821" hits="0"/>
						<line number="823" hits="0" branch="true" condition-coverage="0% (0/2)" missing-branches="824,826"/>
						<line number="824" hits="0"/>
						<line number="826" hits="0" branch="true" condition-coverage="0% (0/2)" missing-branches="827,830"/>
						<line number="827" hits="0"/>
						<line number="828" hits="0"/>
						<line number="830" hits="0" branch="true" condition-coverage="0% (0/2)" missing-branches="831,833"/>
						<line number="831" hits="0"/>
						<line number="833" hits="0"/>
						<line number="837" hits="0"/>
						<line number="841" hits="1"/>
						<line number="896" hits="0" branch="true" condition-coverage="0% (0/2)" missing-branches="897,908"/>
						<line number="897" hits="0" branch="true" condition-coverage="0% (0/2)" missing-branches="898,899"/>
						<line number="898" hits="0"/>
						<line number="899" hits="0" branch="true" condition-coverage="0% (0/2)" missing-branches="900,902"/>
						<line number="900" hits="0"/>
						<line number="902" hits="0"/>
						<line number="908" hits="0"/>
						<line number="909" hits="0" branch="true" condition-coverage="0% (0/2)" missing-branches="910,914"/>
						<line number="910" hits="0"/>
						<line number="914" hits="0"/>
						<line number="915" hits="0" branch="true" condition-coverage="0% (0/2)" missing-branches="916,917"/>
						<line number="916" hits="0"/>
						<line number="917" hits="0" branch="true" condition-coverage="0% (0/2)" missing-branches="918,919"/>
						<line number="918" hits="0"/>
						<line number="919" hits="0" branch="true" condition-coverage="0% (0/2)" missing-branches="920,928"/>
						<line number="920" hits="0" branch="true" condition-coverage="0% (0/3)" missing-branches="exit,923,926"/>
						<line number="923" hits="0"/>
						<line number="926" hits="0"/>
						<line number="927" hits="0"/>
						<line number="928" hits="0" branch="true" condition-coverage="0% (0/2)" missing-branches="929,931"/>
						<line number="929" hits="0"/>
						<line number="930" hits="0"/>
						<line number="931" hits="0" branch="true" condition-coverage="0% (0/2)" missing-branches="932,933"/>
						<line number="932" hits="0"/>
						<line number="933" hits="0" branch="true" condition-coverage="0% (0/2)" missing-branches="934,935"/>
						<line number="934" hits="0"/>
						<line number="935" hits="0" branch="true" condition-coverage="0% (0/2)" missing-branches="936,938"/>
						<line number="936" hits="0"/>
						<line number="938" hits="0"/>
						<line number="945" hits="0"/>
						<line number="947" hits="1"/>
						<line number="958" hits="0"/>
						<line number="960" hits="1"/>
						<line number="980" hits="0"/>
						<line number="981" hits="0" branch="true" condition-coverage="0% (0/2)" missing-branches="exit,exit"/>
						<line number="986" hits="1"/>
						<line number="1011" hits="0"/>
						<line number="1018" hits="0"/>
						<line number="1025" hits="1"/>
						<line number="1045" hits="0"/>
						<line number="1049" hits="0"/>
						<line number="1056" hits="1"/>
						<line number="1084" hits="0"/>
						<line number="1086" hits="0" branch="true" condition-coverage="0% (0/2)" missing-branches="1087,1089"/>
						<line number="1087" hits="0"/>
						<line number="1089" hits="0" branch="true" condition-coverage="0% (0/2)" missing-branches="1090,1092"/>
						<line number="1090" hits="0"/>
						<line number="1092" hits="0"/>
						<line number="1099" hits="0"/>
						<line number="1105" hits="1"/>
						<line number="1123" hits="0"/>
						<line number="1127" hits="0"/>
						<line number="1134" hits="1"/>
						<line number="1152" hits="0"/>
						<line number="1157" hits="1"/>
						<line number="1173" hits="0"/>
						<line number="1177" hits="1"/>
						<line number="1193" hits="0"/>
						<line number="1197" hits="1"/>
						<line number="1213" hits="0"/>
						<line number="1220" hits="1"/>
						<line number="1240" hits="0"/>
						<line number="1241" hits="0" branch="true" condition-coverage="0% (0/2)" missing-branches="1242,1244"/>
						<line number="1242" hits="0"/>
						<line number="1244" hits="0"/>
						<line number="1248" hits="0"/>
						<line number="1255" hits="1"/>
						<line number="1277" hits="0"/>
						<line number="1281" hits="0"/>
						<line number="1288" hits="1"/>
						<line number="1339" hits="0"/>
						<line number="1341" hits="0" branch="true" condition-coverage="0% (0/2)" missing-branches="1342,1344"/>
						<line number="1342" hits="0"/>
						<line number="1344" hits="0" branch="true" condition-coverage="0% (0/2)" missing-branches="1345,1351"/>
						<line number="1345" hits="0" branch="true" condition-coverage="0% (0/2)" missing-branches="1346,1347"/>
						<line number="1346" hits="0"/>
						<line number="1347" hits="0"/>
						<line number="1351" hits="0" branch="true" condition-coverage="0% (0/2)" missing-branches="1352,1358"/>
						<line number="1352" hits="0" branch="true" condition-coverage="0% (0/2)" missing-branches="1353,1354"/>
						<line number="1353" hits="0"/>
						<line number="1354" hits="0"/>
						<line number="1358" hits="0" branch="true" condition-coverage="0% (0/2)" missing-branches="1359,1361"/>
						<line number="1359" hits="0"/>
						<line number="1361" hits="0"/>
						<line number="1365" hits="0"/>
						<line number="1372" hits="1"/>
						<line number="1402" hits="0" branch="true" condition-coverage="0% (0/2)" missing-branches="1403,1409"/>
						<line number="1403" hits="0"/>
						<line number="1409" hits="0" branch="true" condition-coverage="0% (0/2)" missing-branches="1410,1415"/>
						<line number="1410" hits="0"/>
						<line number="1415" hits="0" branch="true" condition-coverage="0% (0/2)" missing-branches="exit,1417"/>
						<line number="1417" hits="0"/>
						<line number="1418" hits="0" branch="true" condition-coverage="0% (0/2)" missing-branches="1419,1427"/>
						<line number="1419" hits="0" branch="true" condition-coverage="0% (0/2)" missing-branches="1420,1425"/>
						<line number="1420" hits="0"/>
						<line number="1425" hits="0"/>
						<line number="1427" hits="0" branch="true" condition-coverage="0% (0/2)" missing-branches="1428,1429"/>
						<line number="1428" hits="0"/>
						<line number="1429" hits="0" branch="true" condition-coverage="0% (0/2)" missing-branches="1430,1432"/>
						<line number="1430" hits="0"/>
						<line number="1432" hits="0"/>
						<line number="1433" hits="0" branch="true" condition-coverage="0% (0/2)" missing-branches="exit,exit"/>
						<line number="1440" hits="1"/>
						<line number="1488" hits="0"/>
						<line number="1489" hits="0" branch="true" condition-coverage="0% (0/2)" missing-branches="1490,1492"/>
						<line number="1490" hits="0"/>
						<line number="1491" hits="0"/>
						<line number="1492" hits="0" branch="true" condition-coverage="0% (0/2)" missing-branches="1493,1495"/>
						<line number="1493" hits="0"/>
						<line number="1494" hits="0"/>
						<line number="1495" hits="0" branch="true" condition-coverage="0% (0/2)" missing-branches="1496,1497"/>
						<line number="1496" hits="0"/>
						<line number="1497" hits="0"/>
						<line number="1498" hits="0"/>
						<line number="1501" hits="0" branch="true" condition-coverage="0% (0/2)" missing-branches="1502,1505"/>
						<line number="1502" hits="0"/>
						<line number="1505" hits="0"/>
						<line number="1507" hits="0"/>
						<line number="1510" hits="0" branch="true" condition-coverage="0% (0/2)" missing-branches="exit,exit"/>
						<line number="1515" hits="1"/>
						<line number="1561" hits="0"/>
						<line number="1568" hits="1"/>
						<line number="1618" hits="0"/>
						<line number="1625" hits="1"/>
						<line number="1672" hits="0"/>
						<line number="1679" hits="1"/>
						<line number="1699" hits="0" branch="true" condition-coverage="0% (0/2)" missing-branches="1700,1702"/>
						<line number="1700" hits="0"/>
						<line number="1702" hits="0"/>
						<line number="1706" hits="0"/>
						<line number="1713" hits="1"/>
						<line number="1732" hits="0"/>
						<line number="1733" hits="0"/>
						<line number="1735" hits="1"/>
						<line number="1759" hits="0"/>
						<line number="1763" hits="0"/>
						<line number="1770" hits="0" branch="true" condition-coverage="0% (0/2)" missing-branches="exit,exit"/>
						<line number="1774" hits="1"/>
						<line number="1811" hits="0"/>
						<line number="1817" hits="0"/>
						<line number="1818" hits="0"/>
						<line number="1821" hits="1"/>
						<line number="1840" hits="0"/>
						<line number="1841" hits="0"/>
						<line number="1843" hits="0"/>
						<line number="1844" hits="0"/>
						<line number="1845" hits="0"/>
						<line number="1847" hits="1"/>
						<line number="1863" hits="0"/>
						<line number="1867" hits="1"/>
						<line number="1886" hits="0"/>
						<line number="1893" hits="0"/>
						<line number="1899" hits="1"/>
						<line number="1918" hits="0"/>
						<line number="1927" hits="1"/>
						<line number="1930" hits="1"/>
						<line number="1931" hits="1"/>
						<line number="1932" hits="0"/>
						<line number="1935" hits="1"/>
						<line number="1941" hits="1"/>
						<line number="1943" hits="1"/>
						<line number="1967" hits="0"/>
						<line number="1970" hits="0"/>
						<line number="1971" hits="0"/>
						<line number="1972" hits="0"/>
						<line number="1973" hits="0"/>
						<line number="1975" hits="0" branch="true" condition-coverage="0% (0/2)" missing-branches="1976,1978"/>
						<line number="1976" hits="0"/>
						<line number="1978" hits="0"/>
						<line number="1980" hits="0"/>
						<line number="1981" hits="0"/>
						<line number="1983" hits="1"/>
						<line number="1984" hits="0"/>
						<line number="1988" hits="1"/>
						<line number="1989" hits="0"/>
						<line number="1990" hits="0"/>
						<line number="1991" hits="0"/>
						<line number="1992" hits="0"/>
						<line number="1994" hits="1"/>
						<line number="1997" hits="0" branch="true" condition-coverage="0% (0/2)" missing-branches="1998,1999"/>
						<line number="1998" hits="0"/>
						<line number="1999" hits="0"/>
						<line number="2003" hits="0"/>
						<line number="2004" hits="0" branch="true" condition-coverage="0% (0/2)" missing-branches="2005,2017"/>
						<line number="2005" hits="0"/>
						<line number="2006" hits="0"/>
						<line number="2009" hits="0"/>
						<line number="2012" hits="0"/>
						<line number="2015" hits="0"/>
						<line number="2017" hits="0"/>
						<line number="2019" hits="0"/>
						<line number="2024" hits="0" branch="true" condition-coverage="0% (0/2)" missing-branches="2025,2027"/>
						<line number="2025" hits="0"/>
						<line number="2027" hits="0"/>
						<line number="2029" hits="1"/>
						<line number="2030" hits="0"/>
						<line number="2032" hits="1"/>
						<line number="2034" hits="0"/>
						<line number="2035" hits="0"/>
						<line number="2037" hits="1"/>
						<line number="2038" hits="0"/>
						<line number="2040" hits="1"/>
						<line number="2041" hits="0" branch="true" condition-coverage="0% (0/2)" missing-branches="2042,2043"/>
						<line number="2042" hits="0"/>
						<line number="2043" hits="0" branch="true" condition-coverage="0% (0/2)" missing-branches="2044,2045"/>
						<line number="2044" hits="0"/>
						<line number="2045" hits="0"/>
						<line number="2046" hits="0"/>
						<line number="2047" hits="0"/>
						<line number="2048" hits="0"/>
						<line number="2049" hits="0"/>
						<line number="2051" hits="0"/>
						<line number="2052" hits="0"/>
						<line number="2055" hits="1"/>
						<line number="2062" hits="1"/>
						<line number="2075" hits="0"/>
						<line number="2076" hits="0"/>
						<line number="2077" hits="0"/>
						<line number="2078" hits="0"/>
						<line number="2080" hits="1"/>
						<line number="2081" hits="1"/>
						<line number="2093" hits="0"/>
						<line number="2095" hits="0"/>
						<line number="2097" hits="1"/>
						<line number="2098" hits="1"/>
						<line number="2112" hits="0"/>
						<line number="2114" hits="1"/>
						<line number="2136" hits="0"/>
						<line number="2137" hits="0"/>
						<line number="2138" hits="0"/>
						<line number="2139" hits="0"/>
						<line number="2141" hits="0"/>
						<line number="2143" hits="0" branch="true" condition-coverage="0% (0/2)" missing-branches="2144,2145"/>
						<line number="2144" hits="0"/>
						<line number="2145" hits="0" branch="true" condition-coverage="0% (0/2)" missing-branches="2147,2149"/>
						<line number="2147" hits="0"/>
						<line number="2149" hits="0"/>
						<line number="2151" hits="0" branch="true" condition-coverage="0% (0/2)" missing-branches="exit,2152"/>
						<line number="2152" hits="0"/>
						<line number="2154" hits="1"/>
						<line number="2155" hits="1"/>
						<line number="2157" hits="0"/>
						<line number="2159" hits="1"/>
						<line number="2160" hits="1"/>
						<line number="2162" hits="0"/>
						<line number="2164" hits="1"/>
						<line number="2165" hits="1"/>
						<line number="2167" hits="0"/>
						<line number="2169" hits="1"/>
						<line number="2173" hits="0" branch="true" condition-coverage="0% (0/2)" missing-branches="2174,2175"/>
						<line number="2174" hits="0"/>
						<line number="2175" hits="0" branch="true" condition-coverage="0% (0/2)" missing-branches="exit,2176"/>
						<line number="2176" hits="0"/>
						<line number="2178" hits="1"/>
						<line number="2186" hits="0"/>
						<line number="2192" hits="0"/>
						<line number="2194" hits="1"/>
						<line number="2225" hits="0"/>
						<line number="2226" hits="0" branch="true" condition-coverage="0% (0/2)" missing-branches="2227,2232"/>
						<line number="2227" hits="0"/>
						<line number="2228" hits="0"/>
						<line number="2229" hits="0" branch="true" condition-coverage="0% (0/2)" missing-branches="2226,2230"/>
						<line number="2230" hits="0"/>
						<line number="2232" hits="0"/>
						<line number="2234" hits="1"/>
						<line number="2258" hits="0"/>
						<line number="2260" hits="0"/>
						<line number="2261" hits="0" branch="true" condition-coverage="0% (0/2)" missing-branches="2262,2264"/>
						<line number="2262" hits="0"/>
						<line number="2264" hits="0"/>
						<line number="2266" hits="0" branch="true" condition-coverage="0% (0/2)" missing-branches="2267,2269"/>
						<line number="2267" hits="0"/>
						<line number="2269" hits="0" branch="true" condition-coverage="0% (0/2)" missing-branches="2270,2274"/>
						<line number="2270" hits="0"/>
						<line number="2274" hits="0" branch="true" condition-coverage="0% (0/2)" missing-branches="exit,2283"/>
						<line number="2283" hits="0" branch="true" condition-coverage="0% (0/2)" missing-branches="2284,2288"/>
						<line number="2284" hits="0"/>
						<line number="2288" hits="0" branch="true" condition-coverage="0% (0/2)" missing-branches="exit,2289"/>
						<line number="2289" hits="0"/>
						<line number="2295" hits="0"/>
						<line number="2296" hits="0"/>
						<line number="2297" hits="0"/>
					</lines>
				</class>
				<class name="exc.py" filename="src/stravalib/exc.py" complexity="0" line-rate="0.7647" branch-rate="1">
					<methods/>
					<lines>
						<line number="7" hits="1"/>
						<line number="9" hits="1"/>
						<line number="10" hits="1"/>
						<line number="12" hits="1"/>
						<line number="15" hits="1"/>
						<line number="16" hits="1"/>
						<line number="19" hits="1"/>
						<line number="20" hits="1"/>
						<line number="23" hits="1"/>
						<line number="29" hits="1"/>
						<line number="35" hits="1"/>
						<line number="41" hits="1"/>
						<line number="47" hits="1"/>
						<line number="53" hits="1"/>
						<line number="60" hits="1"/>
						<line number="66" hits="0"/>
						<line number="67" hits="0"/>
						<line number="68" hits="0"/>
						<line number="71" hits="1"/>
						<line number="80" hits="1"/>
						<line number="81" hits="1"/>
						<line number="84" hits="1"/>
						<line number="85" hits="1"/>
						<line number="88" hits="1"/>
						<line number="89" hits="1"/>
						<line number="92" hits="1"/>
						<line number="93" hits="1"/>
						<line number="96" hits="1"/>
						<line number="97" hits="1"/>
						<line number="100" hits="1"/>
						<line number="101" hits="1"/>
						<line number="104" hits="1"/>
						<line number="109" hits="1"/>
						<line number="113" hits="1"/>
						<line number="114" hits="1"/>
						<line number="117" hits="1"/>
						<line number="123" hits="0"/>
						<line number="126" hits="0"/>
						<line number="134" hits="1"/>
						<line number="135" hits="0"/>
						<line number="143" hits="1"/>
						<line number="146" hits="0"/>
						<line number="149" hits="0"/>
						<line number="157" hits="1"/>
						<line number="158" hits="0"/>
						<line number="166" hits="1"/>
						<line number="167" hits="0"/>
						<line number="175" hits="1"/>
						<line number="176" hits="0"/>
						<line number="184" hits="1"/>
						<line number="185" hits="0"/>
					</lines>
				</class>
				<class name="field_conversions.py" filename="src/stravalib/field_conversions.py" complexity="0" line-rate="0.5526" branch-rate="0">
					<methods/>
					<lines>
						<line number="1" hits="1"/>
						<line number="3" hits="1"/>
						<line number="4" hits="1"/>
						<line number="5" hits="1"/>
						<line number="6" hits="1"/>
						<line number="8" hits="1"/>
						<line number="9" hits="1"/>
						<line number="11" hits="1"/>
						<line number="13" hits="1"/>
						<line number="15" hits="1"/>
						<line number="16" hits="1"/>
						<line number="19" hits="1"/>
						<line number="28" hits="1"/>
						<line number="29" hits="1"/>
						<line number="30" hits="0" branch="true" condition-coverage="0% (0/2)" missing-branches="31,33"/>
						<line number="31" hits="0"/>
						<line number="33" hits="0"/>
						<line number="35" hits="1"/>
						<line number="38" hits="1"/>
						<line number="39" hits="1"/>
						<line number="40" hits="0"/>
						<line number="41" hits="0"/>
						<line number="42" hits="0"/>
						<line number="43" hits="0"/>
						<line number="46" hits="0"/>
						<line number="49" hits="1"/>
						<line number="50" hits="1"/>
						<line number="54" hits="0" branch="true" condition-coverage="0% (0/2)" missing-branches="exit,exit"/>
						<line number="57" hits="1"/>
						<line number="58" hits="1"/>
						<line number="61" hits="0" branch="true" condition-coverage="0% (0/2)" missing-branches="63,66"/>
						<line number="63" hits="0"/>
						<line number="66" hits="0"/>
						<line number="67" hits="0"/>
						<line number="68" hits="0"/>
						<line number="69" hits="0"/>
						<line number="70" hits="0"/>
						<line number="73" hits="0"/>
					</lines>
				</class>
				<class name="model.py" filename="src/stravalib/model.py" complexity="0" line-rate="0.8009" branch-rate="0.1579">
					<methods/>
					<lines>
						<line number="13" hits="1"/>
						<line number="15" hits="1"/>
						<line number="16" hits="1"/>
						<line number="17" hits="1"/>
						<line number="18" hits="1"/>
						<line number="30" hits="1"/>
						<line number="31" hits="1"/>
						<line number="32" hits="1"/>
						<line number="34" hits="1"/>
						<line number="35" hits="1"/>
						<line number="36" hits="1"/>
						<line number="41" hits="1"/>
						<line number="67" hits="1"/>
						<line number="69" hits="1" branch="true" condition-coverage="50% (1/2)" missing-branches="70"/>
						<line number="70" hits="0"/>
						<line number="72" hits="1"/>
						<line number="74" hits="1"/>
						<line number="75" hits="1"/>
						<line number="78" hits="1"/>
						<line number="106" hits="1"/>
						<line number="107" hits="1"/>
						<line number="108" hits="0"/>
						<line number="109" hits="0" branch="true" condition-coverage="0% (0/2)" missing-branches="110,113"/>
						<line number="110" hits="0"/>
						<line number="113" hits="0" branch="true" condition-coverage="0% (0/2)" missing-branches="114,118"/>
						<line number="114" hits="0"/>
						<line number="117" hits="0"/>
						<line number="118" hits="0"/>
						<line number="119" hits="0"/>
						<line number="120" hits="0"/>
						<line number="124" hits="1"/>
						<line number="130" hits="1"/>
						<line number="155" hits="0" branch="true" condition-coverage="0% (0/2)" missing-branches="156,163"/>
						<line number="156" hits="0"/>
						<line number="157" hits="0" branch="true" condition-coverage="0% (0/2)" missing-branches="exit,exit"/>
						<line number="158" hits="0"/>
						<line number="161" hits="0"/>
						<line number="163" hits="0"/>
						<line number="167" hits="1"/>
						<line number="170" hits="1"/>
						<line number="186" hits="0" branch="true" condition-coverage="0% (0/2)" missing-branches="187,190"/>
						<line number="187" hits="0"/>
						<line number="188" hits="0"/>
						<line number="190" hits="0"/>
						<line number="193" hits="1"/>
						<line number="200" hits="1"/>
						<line number="201" hits="1"/>
						<line number="224" hits="0"/>
						<line number="230" hits="0"/>
						<line number="232" hits="1"/>
						<line number="250" hits="0"/>
						<line number="258" hits="0"/>
						<line number="260" hits="1"/>
						<line number="275" hits="0"/>
						<line number="281" hits="0"/>
						<line number="284" hits="1"/>
						<line number="294" hits="1"/>
						<line number="296" hits="1"/>
						<line number="316" hits="1"/>
						<line number="317" hits="1" branch="true" condition-coverage="100% (2/2)"/>
						<line number="320" hits="1"/>
						<line number="321" hits="1"/>
						<line number="322" hits="1" branch="true" condition-coverage="50% (1/2)" missing-branches="327"/>
						<line number="323" hits="1"/>
						<line number="324" hits="1"/>
						<line number="326" hits="1"/>
						<line number="327" hits="1"/>
						<line number="328" hits="1"/>
						<line number="329" hits="1"/>
						<line number="330" hits="1"/>
						<line number="331" hits="1"/>
						<line number="332" hits="1"/>
						<line number="333" hits="1" branch="true" condition-coverage="100% (2/2)"/>
						<line number="334" hits="1"/>
						<line number="335" hits="1"/>
						<line number="336" hits="1"/>
						<line number="338" hits="1"/>
						<line number="339" hits="1"/>
						<line number="342" hits="1"/>
						<line number="348" hits="1"/>
						<line number="351" hits="1"/>
						<line number="352" hits="1"/>
						<line number="353" hits="1"/>
						<line number="354" hits="0"/>
						<line number="355" hits="0" branch="true" condition-coverage="0% (0/2)" missing-branches="356,360"/>
						<line number="356" hits="0"/>
						<line number="359" hits="0"/>
						<line number="360" hits="0"/>
						<line number="363" hits="1"/>
						<line number="364" hits="1"/>
						<line number="365" hits="1"/>
						<line number="366" hits="0"/>
						<line number="367" hits="0" branch="true" condition-coverage="0% (0/2)" missing-branches="368,372"/>
						<line number="368" hits="0"/>
						<line number="371" hits="0"/>
						<line number="372" hits="0"/>
						<line number="375" hits="1"/>
						<line number="383" hits="1"/>
						<line number="384" hits="1"/>
						<line number="401" hits="1"/>
						<line number="403" hits="1"/>
						<line number="404" hits="1"/>
						<line number="413" hits="0"/>
						<line number="415" hits="1"/>
						<line number="416" hits="1"/>
						<line number="425" hits="0"/>
						<line number="428" hits="1"/>
						<line number="450" hits="1"/>
						<line number="451" hits="1"/>
						<line number="452" hits="1"/>
						<line number="454" hits="1"/>
						<line number="456" hits="1"/>
						<line number="457" hits="1"/>
						<line number="466" hits="0"/>
						<line number="467" hits="0"/>
						<line number="469" hits="1"/>
						<line number="470" hits="1"/>
						<line number="479" hits="0"/>
						<line number="480" hits="0"/>
						<line number="483" hits="1"/>
						<line number="490" hits="1"/>
						<line number="493" hits="1"/>
						<line number="499" hits="1"/>
						<line number="502" hits="1"/>
						<line number="508" hits="1"/>
						<line number="511" hits="1"/>
						<line number="517" hits="1"/>
						<line number="521" hits="1"/>
						<line number="522" hits="1"/>
						<line number="525" hits="1"/>
						<line number="534" hits="1"/>
						<line number="535" hits="1"/>
						<line number="536" hits="1"/>
						<line number="537" hits="1"/>
						<line number="538" hits="1"/>
						<line number="539" hits="1"/>
						<line number="540" hits="1"/>
						<line number="541" hits="1"/>
						<line number="542" hits="1"/>
						<line number="544" hits="1"/>
						<line number="550" hits="1"/>
						<line number="565" hits="1"/>
						<line number="566" hits="1"/>
						<line number="567" hits="1"/>
						<line number="570" hits="1"/>
						<line number="571" hits="1"/>
						<line number="572" hits="1"/>
						<line number="573" hits="1"/>
						<line number="574" hits="1"/>
						<line number="575" hits="1"/>
						<line number="576" hits="1"/>
						<line number="577" hits="1"/>
						<line number="578" hits="1"/>
						<line number="579" hits="1"/>
						<line number="580" hits="1"/>
						<line number="581" hits="1"/>
						<line number="582" hits="1"/>
						<line number="583" hits="1"/>
						<line number="584" hits="1"/>
						<line number="585" hits="1"/>
						<line number="586" hits="1"/>
						<line number="587" hits="1"/>
						<line number="588" hits="1"/>
						<line number="589" hits="1"/>
						<line number="590" hits="1"/>
						<line number="591" hits="1"/>
						<line number="592" hits="1"/>
						<line number="593" hits="1"/>
						<line number="594" hits="1"/>
						<line number="595" hits="1"/>
						<line number="596" hits="1"/>
						<line number="597" hits="1"/>
						<line number="598" hits="1"/>
						<line number="599" hits="1"/>
						<line number="600" hits="1"/>
						<line number="601" hits="1"/>
						<line number="602" hits="1"/>
						<line number="603" hits="1"/>
						<line number="604" hits="1"/>
						<line number="605" hits="1"/>
						<line number="606" hits="1"/>
						<line number="608" hits="1"/>
						<line number="609" hits="1"/>
						<line number="625" hits="0" branch="true" condition-coverage="0% (0/2)" missing-branches="626,627"/>
						<line number="626" hits="0"/>
						<line number="627" hits="0" branch="true" condition-coverage="0% (0/2)" missing-branches="628,630"/>
						<line number="628" hits="0"/>
						<line number="630" hits="0"/>
						<line number="631" hits="0"/>
						<line number="633" hits="1"/>
						<line number="634" hits="1"/>
						<line number="644" hits="0"/>
						<line number="645" hits="0"/>
						<line number="647" hits="1"/>
						<line number="648" hits="1"/>
						<line number="661" hits="0" branch="true" condition-coverage="0% (0/2)" missing-branches="662,665"/>
						<line number="662" hits="0"/>
						<line number="665" hits="0"/>
						<line number="667" hits="0"/>
						<line number="669" hits="1"/>
						<line number="678" hits="0" branch="true" condition-coverage="0% (0/2)" missing-branches="679,690"/>
						<line number="679" hits="0" branch="true" condition-coverage="0% (0/2)" missing-branches="681,684"/>
						<line number="681" hits="0"/>
						<line number="684" hits="0"/>
						<line number="685" hits="0" branch="true" condition-coverage="0% (0/2)" missing-branches="686,688"/>
						<line number="686" hits="0"/>
						<line number="688" hits="0"/>
						<line number="690" hits="0"/>
						<line number="694" hits="1"/>
						<line number="699" hits="1"/>
						<line number="702" hits="1"/>
						<line number="710" hits="1"/>
						<line number="713" hits="1"/>
						<line number="719" hits="1"/>
						<line number="722" hits="1"/>
						<line number="725" hits="1"/>
						<line number="734" hits="1"/>
						<line number="735" hits="1"/>
						<line number="736" hits="1"/>
						<line number="737" hits="1"/>
						<line number="738" hits="1"/>
						<line number="739" hits="1"/>
						<line number="740" hits="1"/>
						<line number="741" hits="1"/>
						<line number="742" hits="1"/>
						<line number="743" hits="1"/>
						<line number="744" hits="1"/>
						<line number="745" hits="1"/>
						<line number="746" hits="1"/>
						<line number="747" hits="1"/>
						<line number="748" hits="1"/>
						<line number="749" hits="1"/>
						<line number="750" hits="1"/>
						<line number="752" hits="1"/>
						<line number="755" hits="1"/>
						<line number="759" hits="1"/>
						<line number="760" hits="0" branch="true" condition-coverage="0% (0/2)" missing-branches="761,764"/>
						<line number="761" hits="0"/>
						<line number="762" hits="0"/>
						<line number="763" hits="0"/>
						<line number="764" hits="0" branch="true" condition-coverage="0% (0/2)" missing-branches="765,769"/>
						<line number="765" hits="0"/>
						<line number="766" hits="0"/>
						<line number="767" hits="0"/>
						<line number="769" hits="0"/>
						<line number="770" hits="0"/>
						<line number="771" hits="0"/>
						<line number="773" hits="0"/>
						<line number="781" hits="1"/>
						<line number="790" hits="1"/>
						<line number="793" hits="1"/>
						<line number="800" hits="1"/>
						<line number="801" hits="1"/>
						<line number="804" hits="1"/>
						<line number="805" hits="1"/>
						<line number="806" hits="1"/>
						<line number="807" hits="1"/>
						<line number="809" hits="1"/>
						<line number="815" hits="1"/>
						<line number="816" hits="1"/>
						<line number="818" hits="1"/>
						<line number="823" hits="1"/>
						<line number="826" hits="1"/>
						<line number="829" hits="1"/>
						<line number="840" hits="1"/>
						<line number="841" hits="1"/>
						<line number="843" hits="1"/>
						<line number="849" hits="1"/>
						<line number="850" hits="1"/>
						<line number="853" hits="1"/>
						<line number="867" hits="1"/>
						<line number="868" hits="1"/>
						<line number="871" hits="1"/>
						<line number="873" hits="1"/>
						<line number="875" hits="1"/>
						<line number="879" hits="1"/>
						<line number="880" hits="1"/>
						<line number="892" hits="0"/>
						<line number="893" hits="0"/>
						<line number="896" hits="1"/>
						<line number="906" hits="1"/>
						<line number="907" hits="1"/>
						<line number="908" hits="1"/>
						<line number="910" hits="1"/>
						<line number="913" hits="1"/>
						<line number="915" hits="1"/>
						<line number="920" hits="1"/>
						<line number="926" hits="1"/>
						<line number="927" hits="1"/>
						<line number="928" hits="1"/>
						<line number="929" hits="1"/>
						<line number="931" hits="1"/>
						<line number="934" hits="1"/>
						<line number="936" hits="1"/>
						<line number="940" hits="1"/>
						<line number="941" hits="1"/>
						<line number="943" hits="0"/>
						<line number="946" hits="1"/>
						<line number="957" hits="1"/>
						<line number="958" hits="1"/>
						<line number="959" hits="1"/>
						<line number="960" hits="1"/>
						<line number="961" hits="1"/>
						<line number="962" hits="1"/>
						<line number="965" hits="1"/>
						<line number="966" hits="1"/>
						<line number="967" hits="1"/>
						<line number="968" hits="1"/>
						<line number="969" hits="1"/>
						<line number="970" hits="1"/>
						<line number="971" hits="1"/>
						<line number="972" hits="1"/>
						<line number="974" hits="1"/>
						<line number="982" hits="1"/>
						<line number="987" hits="1"/>
						<line number="992" hits="1"/>
						<line number="993" hits="1"/>
						<line number="997" hits="1"/>
						<line number="998" hits="1"/>
						<line number="1002" hits="1"/>
						<line number="1003" hits="1"/>
						<line number="1007" hits="1"/>
						<line number="1010" hits="1"/>
						<line number="1021" hits="1"/>
						<line number="1022" hits="1"/>
						<line number="1023" hits="1"/>
						<line number="1025" hits="1"/>
						<line number="1028" hits="1"/>
						<line number="1029" hits="1"/>
						<line number="1031" hits="1"/>
						<line number="1036" hits="1"/>
						<line number="1041" hits="1"/>
						<line number="1044" hits="1"/>
						<line number="1049" hits="1"/>
						<line number="1052" hits="1"/>
						<line number="1063" hits="1"/>
						<line number="1064" hits="1"/>
						<line number="1065" hits="1"/>
						<line number="1066" hits="1"/>
						<line number="1067" hits="1"/>
						<line number="1068" hits="1"/>
						<line number="1069" hits="1"/>
						<line number="1071" hits="1"/>
						<line number="1072" hits="1"/>
						<line number="1073" hits="1"/>
						<line number="1074" hits="1"/>
						<line number="1075" hits="1"/>
						<line number="1076" hits="1"/>
						<line number="1080" hits="1"/>
						<line number="1085" hits="1"/>
						<line number="1090" hits="1"/>
						<line number="1091" hits="1"/>
						<line number="1092" hits="1"/>
						<line number="1093" hits="1"/>
						<line number="1094" hits="1"/>
						<line number="1095" hits="1"/>
						<line number="1096" hits="1"/>
						<line number="1097" hits="1"/>
						<line number="1098" hits="1"/>
						<line number="1099" hits="1"/>
						<line number="1100" hits="1"/>
						<line number="1101" hits="1"/>
						<line number="1102" hits="1"/>
						<line number="1103" hits="1"/>
						<line number="1104" hits="1"/>
						<line number="1105" hits="1"/>
						<line number="1106" hits="1"/>
						<line number="1107" hits="1"/>
						<line number="1108" hits="1"/>
						<line number="1109" hits="1"/>
						<line number="1111" hits="1"/>
						<line number="1120" hits="1"/>
						<line number="1121" hits="1"/>
						<line number="1123" hits="1"/>
						<line number="1126" hits="1"/>
						<line number="1130" hits="1"/>
						<line number="1131" hits="1"/>
						<line number="1132" hits="0"/>
						<line number="1133" hits="0"/>
						<line number="1135" hits="1"/>
						<line number="1136" hits="1"/>
						<line number="1145" hits="0"/>
						<line number="1146" hits="0"/>
						<line number="1148" hits="1"/>
						<line number="1149" hits="1"/>
						<line number="1150" hits="0"/>
						<line number="1151" hits="0"/>
						<line number="1153" hits="1"/>
						<line number="1154" hits="1"/>
						<line number="1155" hits="0"/>
						<line number="1156" hits="0"/>
						<line number="1161" hits="1"/>
						<line number="1166" hits="1"/>
						<line number="1169" hits="1"/>
						<line number="1183" hits="1"/>
						<line number="1186" hits="1"/>
						<line number="1189" hits="1"/>
						<line number="1196" hits="1"/>
						<line number="1200" hits="1"/>
						<line number="1203" hits="1"/>
						<line number="1214" hits="1"/>
						<line number="1215" hits="1"/>
						<line number="1216" hits="1"/>
						<line number="1218" hits="1"/>
						<line number="1221" hits="1"/>
						<line number="1228" hits="1"/>
						<line number="1229" hits="1"/>
						<line number="1230" hits="1"/>
						<line number="1232" hits="1"/>
						<line number="1233" hits="1"/>
						<line number="1234" hits="1"/>
						<line number="1235" hits="1"/>
						<line number="1236" hits="1"/>
						<line number="1237" hits="1"/>
						<line number="1238" hits="1"/>
						<line number="1241" hits="1"/>
						<line number="1248" hits="1"/>
						<line number="1249" hits="1"/>
						<line number="1250" hits="1"/>
						<line number="1252" hits="1"/>
						<line number="1275" hits="0"/>
						<line number="1278" hits="1"/>
						<line number="1285" hits="1"/>
						<line number="1286" hits="1"/>
						<line number="1287" hits="1"/>
						<line number="1288" hits="1"/>
						<line number="1289" hits="1"/>
						<line number="1290" hits="1"/>
						<line number="1291" hits="1"/>
						<line number="1294" hits="1"/>
						<line number="1295" hits="1"/>
						<line number="1296" hits="1"/>
					</lines>
				</class>
				<class name="protocol.py" filename="src/stravalib/protocol.py" complexity="0" line-rate="0.2969" branch-rate="0.07143">
					<methods/>
					<lines>
						<line number="5" hits="1"/>
						<line number="7" hits="1"/>
						<line number="8" hits="1"/>
						<line number="9" hits="1"/>
						<line number="10" hits="1"/>
						<line number="11" hits="1"/>
						<line number="13" hits="1"/>
						<line number="15" hits="1"/>
						<line number="17" hits="1" branch="true" condition-coverage="50% (1/2)" missing-branches="18"/>
						<line number="18" hits="0"/>
						<line number="20" hits="1"/>
						<line number="30" hits="1"/>
						<line number="33" hits="1"/>
						<line number="36" hits="1"/>
						<line number="37" hits="1"/>
						<line number="39" hits="1"/>
						<line number="40" hits="1"/>
						<line number="46" hits="1"/>
						<line number="47" hits="1"/>
						<line number="51" hits="1"/>
						<line number="55" hits="1"/>
						<line number="56" hits="1"/>
						<line number="58" hits="1"/>
						<line number="76" hits="1"/>
						<line number="79" hits="1"/>
						<line number="80" hits="1" branch="true" condition-coverage="50% (1/2)" missing-branches="81"/>
						<line number="81" hits="0"/>
						<line number="83" hits="1"/>
						<line number="85" hits="1" branch="true" condition-coverage="50% (1/2)" missing-branches="exit"/>
						<line number="89" hits="1"/>
						<line number="127" hits="0"/>
						<line number="128" hits="0" branch="true" condition-coverage="0% (0/2)" missing-branches="129,130"/>
						<line number="129" hits="0"/>
						<line number="130" hits="0" branch="true" condition-coverage="0% (0/2)" missing-branches="131,133"/>
						<line number="131" hits="0"/>
						<line number="133" hits="0"/>
						<line number="143" hits="0"/>
						<line number="147" hits="0"/>
						<line number="154" hits="0" branch="true" condition-coverage="0% (0/2)" missing-branches="155,157"/>
						<line number="155" hits="0"/>
						<line number="157" hits="0"/>
						<line number="161" hits="1"/>
						<line number="184" hits="0"/>
						<line number="194" hits="0"/>
						<line number="199" hits="0"/>
						<line number="200" hits="0"/>
						<line number="202" hits="1"/>
						<line number="225" hits="0"/>
						<line number="235" hits="0"/>
						<line number="240" hits="0"/>
						<line number="242" hits="0"/>
						<line number="244" hits="1"/>
						<line number="257" hits="0" branch="true" condition-coverage="0% (0/2)" missing-branches="258,262"/>
						<line number="258" hits="0"/>
						<line number="262" hits="0"/>
						<line number="264" hits="1"/>
						<line number="292" hits="0"/>
						<line number="293" hits="0"/>
						<line number="298" hits="0" branch="true" condition-coverage="0% (0/2)" missing-branches="299,300"/>
						<line number="299" hits="0"/>
						<line number="300" hits="0" branch="true" condition-coverage="0% (0/2)" missing-branches="301,303"/>
						<line number="301" hits="0"/>
						<line number="303" hits="0"/>
						<line number="310" hits="0"/>
						<line number="311" hits="0"/>
						<line number="312" hits="0"/>
						<line number="313" hits="0"/>
						<line number="319" hits="0"/>
						<line number="322" hits="0"/>
						<line number="324" hits="0" branch="true" condition-coverage="0% (0/2)" missing-branches="325,328"/>
						<line number="325" hits="0"/>
						<line number="328" hits="0" branch="true" condition-coverage="0% (0/2)" missing-branches="329,331"/>
						<line number="329" hits="0"/>
						<line number="331" hits="0"/>
						<line number="333" hits="0"/>
						<line number="335" hits="1"/>
						<line number="351" hits="0"/>
						<line number="352" hits="0"/>
						<line number="353" hits="0"/>
						<line number="354" hits="0"/>
						<line number="355" hits="0"/>
						<line number="357" hits="0" branch="true" condition-coverage="0% (0/2)" missing-branches="358,364"/>
						<line number="358" hits="0"/>
						<line number="364" hits="0" branch="true" condition-coverage="0% (0/2)" missing-branches="365,367"/>
						<line number="365" hits="0"/>
						<line number="366" hits="0"/>
						<line number="367" hits="0" branch="true" condition-coverage="0% (0/2)" missing-branches="368,370"/>
						<line number="368" hits="0"/>
						<line number="369" hits="0"/>
						<line number="370" hits="0" branch="true" condition-coverage="0% (0/2)" missing-branches="371,377"/>
						<line number="371" hits="0"/>
						<line number="376" hits="0"/>
						<line number="377" hits="0" branch="true" condition-coverage="0% (0/2)" missing-branches="378,384"/>
						<line number="378" hits="0"/>
						<line number="383" hits="0"/>
						<line number="384" hits="0" branch="true" condition-coverage="0% (0/2)" missing-branches="385,388"/>
						<line number="385" hits="0"/>
						<line number="386" hits="0"/>
						<line number="388" hits="0"/>
						<line number="390" hits="1"/>
						<line number="405" hits="0"/>
						<line number="406" hits="0"/>
						<line number="407" hits="0"/>
						<line number="408" hits="0"/>
						<line number="409" hits="0"/>
						<line number="413" hits="0"/>
						<line number="415" hits="0"/>
						<line number="416" hits="0"/>
						<line number="418" hits="1"/>
						<line number="437" hits="0"/>
						<line number="438" hits="0"/>
						<line number="439" hits="0" branch="true" condition-coverage="0% (0/2)" missing-branches="exit,440"/>
						<line number="440" hits="0"/>
						<line number="444" hits="1"/>
						<line number="468" hits="0"/>
						<line number="469" hits="0"/>
						<line number="470" hits="0" branch="true" condition-coverage="0% (0/2)" missing-branches="exit,471"/>
						<line number="471" hits="0"/>
						<line number="479" hits="1"/>
						<line number="497" hits="0"/>
						<line number="498" hits="0"/>
						<line number="499" hits="0" branch="true" condition-coverage="0% (0/2)" missing-branches="exit,500"/>
						<line number="500" hits="0"/>
						<line number="504" hits="1"/>
						<line number="521" hits="0"/>
						<line number="522" hits="0"/>
						<line number="523" hits="0" branch="true" condition-coverage="0% (0/2)" missing-branches="exit,524"/>
						<line number="524" hits="0"/>
					</lines>
				</class>
				<class name="strava_model.py" filename="src/stravalib/strava_model.py" complexity="0" line-rate="1" branch-rate="1">
					<methods/>
					<lines>
						<line number="4" hits="1"/>
						<line number="6" hits="1"/>
						<line number="7" hits="1"/>
						<line number="9" hits="1"/>
						<line number="12" hits="1"/>
						<line number="17" hits="1"/>
						<line number="18" hits="1"/>
						<line number="21" hits="1"/>
						<line number="22" hits="1"/>
						<line number="25" hits="1"/>
						<line number="26" hits="1"/>
						<line number="29" hits="1"/>
						<line number="30" hits="1"/>
						<line number="33" hits="1"/>
						<line number="34" hits="1"/>
						<line number="37" hits="1"/>
						<line number="38" hits="1"/>
						<line number="43" hits="1"/>
						<line number="44" hits="1"/>
						<line number="83" hits="1"/>
						<line number="88" hits="1"/>
						<line number="89" hits="1"/>
						<line number="90" hits="1"/>
						<line number="93" hits="1"/>
						<line number="94" hits="1"/>
						<line number="97" hits="1"/>
						<line number="98" hits="1"/>
						<line number="103" hits="1"/>
						<line number="104" hits="1"/>
						<line number="105" hits="1"/>
						<line number="110" hits="1"/>
						<line number="111" hits="1"/>
						<line number="112" hits="1"/>
						<line number="115" hits="1"/>
						<line number="116" hits="1"/>
						<line number="119" hits="1"/>
						<line number="120" hits="1"/>
						<line number="123" hits="1"/>
						<line number="124" hits="1"/>
						<line number="127" hits="1"/>
						<line number="128" hits="1"/>
						<line number="131" hits="1"/>
						<line number="132" hits="1"/>
						<line number="137" hits="1"/>
						<line number="138" hits="1"/>
						<line number="139" hits="1"/>
						<line number="144" hits="1"/>
						<line number="145" hits="1"/>
						<line number="146" hits="1"/>
						<line number="149" hits="1"/>
						<line number="150" hits="1"/>
						<line number="153" hits="1"/>
						<line number="154" hits="1"/>
						<line number="159" hits="1"/>
						<line number="164" hits="1"/>
						<line number="165" hits="1"/>
						<line number="168" hits="1"/>
						<line number="169" hits="1"/>
						<line number="174" hits="1"/>
						<line number="175" hits="1"/>
						<line number="176" hits="1"/>
						<line number="181" hits="1"/>
						<line number="186" hits="1"/>
						<line number="187" hits="1"/>
						<line number="192" hits="1"/>
						<line number="193" hits="1"/>
						<line number="194" hits="1"/>
						<line number="199" hits="1"/>
						<line number="200" hits="1"/>
						<line number="201" hits="1"/>
						<line number="204" hits="1"/>
						<line number="205" hits="1"/>
						<line number="208" hits="1"/>
						<line number="209" hits="1"/>
						<line number="214" hits="1"/>
						<line number="215" hits="1"/>
						<line number="216" hits="1"/>
						<line number="221" hits="1"/>
						<line number="222" hits="1"/>
						<line number="223" hits="1"/>
						<line number="228" hits="1"/>
						<line number="229" hits="1"/>
						<line number="230" hits="1"/>
						<line number="233" hits="1"/>
						<line number="234" hits="1"/>
						<line number="237" hits="1"/>
						<line number="238" hits="1"/>
						<line number="243" hits="1"/>
						<line number="244" hits="1"/>
						<line number="245" hits="1"/>
						<line number="250" hits="1"/>
						<line number="251" hits="1"/>
						<line number="252" hits="1"/>
						<line number="253" hits="1"/>
						<line number="254" hits="1"/>
						<line number="257" hits="1"/>
						<line number="258" hits="1"/>
						<line number="259" hits="1"/>
						<line number="262" hits="1"/>
						<line number="265" hits="1"/>
						<line number="266" hits="1"/>
						<line number="267" hits="1"/>
						<line number="270" hits="1"/>
						<line number="271" hits="1"/>
						<line number="274" hits="1"/>
						<line number="275" hits="1"/>
						<line number="280" hits="1"/>
						<line number="281" hits="1"/>
						<line number="282" hits="1"/>
						<line number="287" hits="1"/>
						<line number="288" hits="1"/>
						<line number="289" hits="1"/>
						<line number="294" hits="1"/>
						<line number="295" hits="1"/>
						<line number="296" hits="1"/>
						<line number="301" hits="1"/>
						<line number="302" hits="1"/>
						<line number="303" hits="1"/>
						<line number="306" hits="1"/>
						<line number="307" hits="1"/>
						<line number="310" hits="1"/>
						<line number="311" hits="1"/>
						<line number="314" hits="1"/>
						<line number="315" hits="1"/>
						<line number="318" hits="1"/>
						<line number="319" hits="1"/>
						<line number="322" hits="1"/>
						<line number="323" hits="1"/>
						<line number="326" hits="1"/>
						<line number="327" hits="1"/>
						<line number="332" hits="1"/>
						<line number="333" hits="1"/>
						<line number="385" hits="1"/>
						<line number="390" hits="1"/>
						<line number="391" hits="1"/>
						<line number="404" hits="1"/>
						<line number="409" hits="1"/>
						<line number="410" hits="1"/>
						<line number="411" hits="1"/>
						<line number="414" hits="1"/>
						<line number="415" hits="1"/>
						<line number="416" hits="1"/>
						<line number="419" hits="1"/>
						<line number="420" hits="1"/>
						<line number="423" hits="1"/>
						<line number="424" hits="1"/>
						<line number="427" hits="1"/>
						<line number="428" hits="1"/>
						<line number="431" hits="1"/>
						<line number="432" hits="1"/>
						<line number="435" hits="1"/>
						<line number="436" hits="1"/>
						<line number="439" hits="1"/>
						<line number="440" hits="1"/>
						<line number="443" hits="1"/>
						<line number="444" hits="1"/>
						<line number="447" hits="1"/>
						<line number="448" hits="1"/>
						<line number="451" hits="1"/>
						<line number="452" hits="1"/>
						<line number="455" hits="1"/>
						<line number="456" hits="1"/>
						<line number="457" hits="1"/>
						<line number="460" hits="1"/>
						<line number="461" hits="1"/>
						<line number="464" hits="1"/>
						<line number="465" hits="1"/>
						<line number="468" hits="1"/>
						<line number="469" hits="1"/>
						<line number="472" hits="1"/>
						<line number="473" hits="1"/>
						<line number="476" hits="1"/>
						<line number="477" hits="1"/>
						<line number="480" hits="1"/>
						<line number="481" hits="1"/>
						<line number="484" hits="1"/>
						<line number="485" hits="1"/>
						<line number="488" hits="1"/>
						<line number="489" hits="1"/>
						<line number="490" hits="1"/>
						<line number="493" hits="1"/>
						<line number="494" hits="1"/>
						<line number="497" hits="1"/>
						<line number="498" hits="1"/>
						<line number="501" hits="1"/>
						<line number="502" hits="1"/>
						<line number="505" hits="1"/>
						<line number="506" hits="1"/>
						<line number="509" hits="1"/>
						<line number="510" hits="1"/>
						<line number="513" hits="1"/>
						<line number="514" hits="1"/>
						<line number="515" hits="1"/>
						<line number="518" hits="1"/>
						<line number="519" hits="1"/>
						<line number="522" hits="1"/>
						<line number="523" hits="1"/>
						<line number="524" hits="1"/>
						<line number="527" hits="1"/>
						<line number="528" hits="1"/>
						<line number="531" hits="1"/>
						<line number="532" hits="1"/>
						<line number="535" hits="1"/>
						<line number="536" hits="1"/>
						<line number="539" hits="1"/>
						<line number="540" hits="1"/>
						<line number="543" hits="1"/>
						<line number="544" hits="1"/>
						<line number="547" hits="1"/>
						<line number="548" hits="1"/>
						<line number="551" hits="1"/>
						<line number="552" hits="1"/>
						<line number="555" hits="1"/>
						<line number="556" hits="1"/>
						<line number="561" hits="1"/>
						<line number="562" hits="1"/>
						<line number="563" hits="1"/>
						<line number="566" hits="1"/>
						<line number="567" hits="1"/>
						<line number="570" hits="1"/>
						<line number="571" hits="1"/>
						<line number="574" hits="1"/>
						<line number="575" hits="1"/>
						<line number="578" hits="1"/>
						<line number="579" hits="1"/>
						<line number="582" hits="1"/>
						<line number="583" hits="1"/>
						<line number="586" hits="1"/>
						<line number="587" hits="1"/>
						<line number="590" hits="1"/>
						<line number="591" hits="1"/>
						<line number="594" hits="1"/>
						<line number="595" hits="1"/>
						<line number="598" hits="1"/>
						<line number="599" hits="1"/>
						<line number="602" hits="1"/>
						<line number="603" hits="1"/>
						<line number="606" hits="1"/>
						<line number="607" hits="1"/>
						<line number="610" hits="1"/>
						<line number="611" hits="1"/>
						<line number="616" hits="1"/>
						<line number="617" hits="1"/>
						<line number="618" hits="1"/>
						<line number="621" hits="1"/>
						<line number="622" hits="1"/>
						<line number="625" hits="1"/>
						<line number="626" hits="1"/>
						<line number="629" hits="1"/>
						<line number="630" hits="1"/>
						<line number="633" hits="1"/>
						<line number="634" hits="1"/>
						<line number="637" hits="1"/>
						<line number="638" hits="1"/>
						<line number="641" hits="1"/>
						<line number="642" hits="1"/>
						<line number="645" hits="1"/>
						<line number="646" hits="1"/>
						<line number="649" hits="1"/>
						<line number="650" hits="1"/>
						<line number="653" hits="1"/>
						<line number="656" hits="1"/>
						<line number="659" hits="1"/>
						<line number="660" hits="1"/>
						<line number="663" hits="1"/>
						<line number="664" hits="1"/>
						<line number="667" hits="1"/>
						<line number="668" hits="1"/>
						<line number="673" hits="1"/>
						<line number="674" hits="1"/>
						<line number="675" hits="1"/>
						<line number="678" hits="1"/>
						<line number="679" hits="1"/>
						<line number="682" hits="1"/>
						<line number="683" hits="1"/>
						<line number="686" hits="1"/>
						<line number="687" hits="1"/>
						<line number="690" hits="1"/>
						<line number="691" hits="1"/>
						<line number="696" hits="1"/>
						<line number="697" hits="1"/>
						<line number="698" hits="1"/>
						<line number="701" hits="1"/>
						<line number="702" hits="1"/>
						<line number="705" hits="1"/>
						<line number="706" hits="1"/>
						<line number="709" hits="1"/>
						<line number="710" hits="1"/>
						<line number="715" hits="1"/>
						<line number="716" hits="1"/>
						<line number="717" hits="1"/>
						<line number="720" hits="1"/>
						<line number="721" hits="1"/>
						<line number="724" hits="1"/>
						<line number="725" hits="1"/>
						<line number="728" hits="1"/>
						<line number="729" hits="1"/>
						<line number="732" hits="1"/>
						<line number="733" hits="1"/>
						<line number="736" hits="1"/>
						<line number="737" hits="1"/>
						<line number="740" hits="1"/>
						<line number="741" hits="1"/>
						<line number="746" hits="1"/>
						<line number="747" hits="1"/>
						<line number="748" hits="1"/>
						<line number="753" hits="1"/>
						<line number="754" hits="1"/>
						<line number="755" hits="1"/>
						<line number="760" hits="1"/>
						<line number="761" hits="1"/>
						<line number="762" hits="1"/>
						<line number="765" hits="1"/>
						<line number="766" hits="1"/>
						<line number="769" hits="1"/>
						<line number="770" hits="1"/>
						<line number="773" hits="1"/>
						<line number="774" hits="1"/>
						<line number="777" hits="1"/>
						<line number="778" hits="1"/>
						<line number="781" hits="1"/>
						<line number="782" hits="1"/>
						<line number="783" hits="1"/>
						<line number="786" hits="1"/>
						<line number="787" hits="1"/>
						<line number="792" hits="1"/>
						<line number="793" hits="1"/>
						<line number="794" hits="1"/>
						<line number="797" hits="1"/>
						<line number="798" hits="1"/>
						<line number="801" hits="1"/>
						<line number="802" hits="1"/>
						<line number="805" hits="1"/>
						<line number="806" hits="1"/>
						<line number="809" hits="1"/>
						<line number="810" hits="1"/>
						<line number="813" hits="1"/>
						<line number="814" hits="1"/>
						<line number="819" hits="1"/>
						<line number="820" hits="1"/>
						<line number="821" hits="1"/>
						<line number="824" hits="1"/>
						<line number="825" hits="1"/>
						<line number="830" hits="1"/>
						<line number="831" hits="1"/>
						<line number="834" hits="1"/>
						<line number="839" hits="1"/>
						<line number="840" hits="1"/>
						<line number="843" hits="1"/>
						<line number="844" hits="1"/>
						<line number="847" hits="1"/>
						<line number="848" hits="1"/>
						<line number="851" hits="1"/>
						<line number="852" hits="1"/>
						<line number="855" hits="1"/>
						<line number="856" hits="1"/>
						<line number="859" hits="1"/>
						<line number="860" hits="1"/>
						<line number="863" hits="1"/>
						<line number="864" hits="1"/>
						<line number="867" hits="1"/>
						<line number="868" hits="1"/>
						<line number="871" hits="1"/>
						<line number="872" hits="1"/>
						<line number="875" hits="1"/>
						<line number="876" hits="1"/>
						<line number="879" hits="1"/>
						<line number="880" hits="1"/>
						<line number="885" hits="1"/>
						<line number="886" hits="1"/>
						<line number="887" hits="1"/>
						<line number="892" hits="1"/>
						<line number="893" hits="1"/>
						<line number="894" hits="1"/>
						<line number="895" hits="1"/>
						<line number="898" hits="1"/>
						<line number="899" hits="1"/>
						<line number="902" hits="1"/>
						<line number="903" hits="1"/>
						<line number="906" hits="1"/>
						<line number="907" hits="1"/>
						<line number="910" hits="1"/>
						<line number="911" hits="1"/>
						<line number="912" hits="1"/>
						<line number="915" hits="1"/>
						<line number="916" hits="1"/>
						<line number="919" hits="1"/>
						<line number="920" hits="1"/>
						<line number="925" hits="1"/>
						<line number="926" hits="1"/>
						<line number="927" hits="1"/>
						<line number="928" hits="1"/>
						<line number="931" hits="1"/>
						<line number="932" hits="1"/>
						<line number="935" hits="1"/>
						<line number="936" hits="1"/>
						<line number="939" hits="1"/>
						<line number="940" hits="1"/>
						<line number="945" hits="1"/>
						<line number="946" hits="1"/>
						<line number="947" hits="1"/>
						<line number="950" hits="1"/>
						<line number="951" hits="1"/>
						<line number="952" hits="1"/>
						<line number="955" hits="1"/>
						<line number="956" hits="1"/>
						<line number="959" hits="1"/>
						<line number="960" hits="1"/>
						<line number="965" hits="1"/>
						<line number="966" hits="1"/>
						<line number="967" hits="1"/>
						<line number="970" hits="1"/>
						<line number="971" hits="1"/>
						<line number="974" hits="1"/>
						<line number="975" hits="1"/>
						<line number="978" hits="1"/>
						<line number="979" hits="1"/>
						<line number="982" hits="1"/>
						<line number="983" hits="1"/>
						<line number="986" hits="1"/>
						<line number="987" hits="1"/>
						<line number="990" hits="1"/>
						<line number="991" hits="1"/>
						<line number="994" hits="1"/>
						<line number="995" hits="1"/>
						<line number="1000" hits="1"/>
						<line number="1001" hits="1"/>
						<line number="1002" hits="1"/>
						<line number="1005" hits="1"/>
						<line number="1006" hits="1"/>
						<line number="1009" hits="1"/>
						<line number="1010" hits="1"/>
						<line number="1013" hits="1"/>
						<line number="1014" hits="1"/>
						<line number="1019" hits="1"/>
						<line number="1020" hits="1"/>
						<line number="1021" hits="1"/>
						<line number="1024" hits="1"/>
						<line number="1025" hits="1"/>
						<line number="1028" hits="1"/>
						<line number="1029" hits="1"/>
						<line number="1032" hits="1"/>
						<line number="1033" hits="1"/>
						<line number="1038" hits="1"/>
						<line number="1039" hits="1"/>
						<line number="1040" hits="1"/>
						<line number="1043" hits="1"/>
						<line number="1044" hits="1"/>
						<line number="1047" hits="1"/>
						<line number="1050" hits="1"/>
						<line number="1053" hits="1"/>
						<line number="1054" hits="1"/>
						<line number="1057" hits="1"/>
						<line number="1058" hits="1"/>
						<line number="1061" hits="1"/>
						<line number="1062" hits="1"/>
						<line number="1063" hits="1"/>
						<line number="1066" hits="1"/>
						<line number="1067" hits="1"/>
						<line number="1070" hits="1"/>
						<line number="1071" hits="1"/>
						<line number="1074" hits="1"/>
						<line number="1077" hits="1"/>
						<line number="1078" hits="1"/>
						<line number="1079" hits="1"/>
						<line number="1082" hits="1"/>
						<line number="1085" hits="1"/>
						<line number="1086" hits="1"/>
						<line number="1087" hits="1"/>
						<line number="1088" hits="1"/>
						<line number="1089" hits="1"/>
						<line number="1092" hits="1"/>
						<line number="1093" hits="1"/>
						<line number="1096" hits="1"/>
						<line number="1097" hits="1"/>
						<line number="1100" hits="1"/>
						<line number="1101" hits="1"/>
						<line number="1104" hits="1"/>
						<line number="1105" hits="1"/>
						<line number="1108" hits="1"/>
						<line number="1109" hits="1"/>
						<line number="1112" hits="1"/>
						<line number="1113" hits="1"/>
						<line number="1116" hits="1"/>
						<line number="1117" hits="1"/>
						<line number="1120" hits="1"/>
						<line number="1121" hits="1"/>
						<line number="1124" hits="1"/>
						<line number="1125" hits="1"/>
						<line number="1128" hits="1"/>
						<line number="1129" hits="1"/>
						<line number="1132" hits="1"/>
						<line number="1133" hits="1"/>
						<line number="1134" hits="1"/>
						<line number="1137" hits="1"/>
						<line number="1138" hits="1"/>
						<line number="1141" hits="1"/>
						<line number="1142" hits="1"/>
						<line number="1145" hits="1"/>
						<line number="1146" hits="1"/>
						<line number="1151" hits="1"/>
						<line number="1152" hits="1"/>
						<line number="1155" hits="1"/>
						<line number="1156" hits="1"/>
						<line number="1157" hits="1"/>
						<line number="1158" hits="1"/>
						<line number="1159" hits="1"/>
						<line number="1160" hits="1"/>
						<line number="1161" hits="1"/>
						<line number="1162" hits="1"/>
						<line number="1163" hits="1"/>
						<line number="1164" hits="1"/>
						<line number="1165" hits="1"/>
						<line number="1166" hits="1"/>
						<line number="1169" hits="1"/>
						<line number="1170" hits="1"/>
						<line number="1171" hits="1"/>
						<line number="1172" hits="1"/>
						<line number="1173" hits="1"/>
						<line number="1174" hits="1"/>
						<line number="1177" hits="1"/>
						<line number="1178" hits="1"/>
						<line number="1181" hits="1"/>
						<line number="1182" hits="1"/>
						<line number="1185" hits="1"/>
						<line number="1186" hits="1"/>
						<line number="1189" hits="1"/>
						<line number="1190" hits="1"/>
						<line number="1193" hits="1"/>
						<line number="1194" hits="1"/>
						<line number="1197" hits="1"/>
						<line number="1198" hits="1"/>
						<line number="1201" hits="1"/>
						<line number="1202" hits="1"/>
						<line number="1203" hits="1"/>
						<line number="1206" hits="1"/>
						<line number="1207" hits="1"/>
						<line number="1210" hits="1"/>
						<line number="1211" hits="1"/>
						<line number="1214" hits="1"/>
						<line number="1215" hits="1"/>
						<line number="1218" hits="1"/>
						<line number="1219" hits="1"/>
						<line number="1220" hits="1"/>
						<line number="1225" hits="1"/>
						<line number="1230" hits="1"/>
						<line number="1231" hits="1"/>
						<line number="1236" hits="1"/>
						<line number="1237" hits="1"/>
						<line number="1238" hits="1"/>
						<line number="1241" hits="1"/>
						<line number="1242" hits="1"/>
						<line number="1243" hits="1"/>
						<line number="1246" hits="1"/>
						<line number="1247" hits="1"/>
						<line number="1250" hits="1"/>
						<line number="1251" hits="1"/>
						<line number="1254" hits="1"/>
						<line number="1255" hits="1"/>
						<line number="1258" hits="1"/>
						<line number="1259" hits="1"/>
						<line number="1260" hits="1"/>
						<line number="1263" hits="1"/>
						<line number="1264" hits="1"/>
						<line number="1267" hits="1"/>
						<line number="1268" hits="1"/>
						<line number="1273" hits="1"/>
						<line number="1274" hits="1"/>
						<line number="1275" hits="1"/>
						<line number="1276" hits="1"/>
						<line number="1277" hits="1"/>
						<line number="1280" hits="1"/>
						<line number="1281" hits="1"/>
						<line number="1284" hits="1"/>
						<line number="1285" hits="1"/>
						<line number="1288" hits="1"/>
						<line number="1289" hits="1"/>
						<line number="1292" hits="1"/>
						<line number="1293" hits="1"/>
						<line number="1296" hits="1"/>
						<line number="1297" hits="1"/>
						<line number="1300" hits="1"/>
						<line number="1301" hits="1"/>
						<line number="1304" hits="1"/>
						<line number="1305" hits="1"/>
						<line number="1308" hits="1"/>
						<line number="1309" hits="1"/>
						<line number="1312" hits="1"/>
						<line number="1313" hits="1"/>
						<line number="1316" hits="1"/>
						<line number="1317" hits="1"/>
						<line number="1320" hits="1"/>
						<line number="1321" hits="1"/>
						<line number="1322" hits="1"/>
						<line number="1327" hits="1"/>
						<line number="1328" hits="1"/>
						<line number="1329" hits="1"/>
						<line number="1334" hits="1"/>
						<line number="1335" hits="1"/>
						<line number="1336" hits="1"/>
						<line number="1337" hits="1"/>
						<line number="1340" hits="1"/>
						<line number="1341" hits="1"/>
						<line number="1344" hits="1"/>
						<line number="1345" hits="1"/>
						<line number="1348" hits="1"/>
						<line number="1349" hits="1"/>
						<line number="1352" hits="1"/>
						<line number="1353" hits="1"/>
						<line number="1356" hits="1"/>
						<line number="1357" hits="1"/>
						<line number="1360" hits="1"/>
						<line number="1361" hits="1"/>
						<line number="1364" hits="1"/>
						<line number="1365" hits="1"/>
						<line number="1366" hits="1"/>
						<line number="1369" hits="1"/>
						<line number="1370" hits="1"/>
						<line number="1373" hits="1"/>
						<line number="1374" hits="1"/>
						<line number="1377" hits="1"/>
						<line number="1378" hits="1"/>
						<line number="1381" hits="1"/>
						<line number="1382" hits="1"/>
						<line number="1385" hits="1"/>
						<line number="1386" hits="1"/>
						<line number="1389" hits="1"/>
						<line number="1390" hits="1"/>
						<line number="1393" hits="1"/>
						<line number="1394" hits="1"/>
						<line number="1399" hits="1"/>
						<line number="1404" hits="1"/>
						<line number="1405" hits="1"/>
						<line number="1410" hits="1"/>
						<line number="1411" hits="1"/>
						<line number="1412" hits="1"/>
						<line number="1413" hits="1"/>
						<line number="1414" hits="1"/>
						<line number="1415" hits="1"/>
						<line number="1416" hits="1"/>
						<line number="1417" hits="1"/>
						<line number="1420" hits="1"/>
						<line number="1421" hits="1"/>
						<line number="1422" hits="1"/>
						<line number="1423" hits="1"/>
						<line number="1426" hits="1"/>
						<line number="1427" hits="1"/>
						<line number="1430" hits="1"/>
						<line number="1431" hits="1"/>
						<line number="1434" hits="1"/>
						<line number="1435" hits="1"/>
						<line number="1438" hits="1"/>
						<line number="1439" hits="1"/>
						<line number="1440" hits="1"/>
						<line number="1441" hits="1"/>
						<line number="1442" hits="1"/>
						<line number="1443" hits="1"/>
						<line number="1446" hits="1"/>
						<line number="1447" hits="1"/>
					</lines>
				</class>
				<class name="unit_registry.py" filename="src/stravalib/unit_registry.py" complexity="0" line-rate="1" branch-rate="1">
					<methods/>
					<lines>
						<line number="1" hits="1"/>
						<line number="3" hits="1"/>
						<line number="4" hits="1"/>
					</lines>
				</class>
				<class name="unithelper.py" filename="src/stravalib/unithelper.py" complexity="0" line-rate="0.6545" branch-rate="0.375">
					<methods/>
					<lines>
						<line number="6" hits="1"/>
						<line number="7" hits="1"/>
						<line number="9" hits="1"/>
						<line number="11" hits="1"/>
						<line number="12" hits="1"/>
						<line number="15" hits="1" branch="true" condition-coverage="100% (2/2)"/>
						<line number="16" hits="1"/>
						<line number="23" hits="1"/>
						<line number="24" hits="1"/>
						<line number="27" hits="1"/>
						<line number="33" hits="1"/>
						<line number="34" hits="1"/>
						<line number="35" hits="0"/>
						<line number="36" hits="0"/>
						<line number="38" hits="1"/>
						<line number="39" hits="1"/>
						<line number="40" hits="0"/>
						<line number="41" hits="0"/>
						<line number="43" hits="1"/>
						<line number="44" hits="0"/>
						<line number="46" hits="1"/>
						<line number="47" hits="0"/>
						<line number="50" hits="1"/>
						<line number="51" hits="1"/>
						<line number="52" hits="1"/>
						<line number="54" hits="1"/>
						<line number="57" hits="1" branch="true" condition-coverage="50% (1/2)" missing-branches="61"/>
						<line number="59" hits="1"/>
						<line number="61" hits="0"/>
						<line number="62" hits="0"/>
						<line number="65" hits="0"/>
						<line number="67" hits="0"/>
						<line number="68" hits="0"/>
						<line number="69" hits="0"/>
						<line number="73" hits="1"/>
						<line number="76" hits="1"/>
						<line number="77" hits="0" branch="true" condition-coverage="0% (0/2)" missing-branches="78,79"/>
						<line number="78" hits="0"/>
						<line number="79" hits="0" branch="true" condition-coverage="0% (0/2)" missing-branches="80,83"/>
						<line number="80" hits="0"/>
						<line number="81" hits="0"/>
						<line number="83" hits="0"/>
						<line number="86" hits="1"/>
						<line number="87" hits="1"/>
						<line number="88" hits="1"/>
						<line number="89" hits="1"/>
						<line number="90" hits="1"/>
						<line number="91" hits="1"/>
						<line number="93" hits="1"/>
						<line number="94" hits="1"/>
						<line number="95" hits="1"/>
						<line number="96" hits="1"/>
						<line number="97" hits="1"/>
						<line number="100" hits="1"/>
						<line number="115" hits="0"/>
					</lines>
				</class>
			</classes>
		</package>
		<package name="src.stravalib.util" line-rate="0.493" branch-rate="0.02941" complexity="0">
			<classes>
				<class name="__init__.py" filename="src/stravalib/util/__init__.py" complexity="0" line-rate="1" branch-rate="1">
					<methods/>
					<lines/>
				</class>
				<class name="limiter.py" filename="src/stravalib/util/limiter.py" complexity="0" line-rate="0.493" branch-rate="0.02941">
					<methods/>
					<lines>
						<line number="22" hits="1"/>
						<line number="24" hits="1"/>
						<line number="25" hits="1"/>
						<line number="26" hits="1"/>
						<line number="27" hits="1"/>
						<line number="29" hits="1"/>
						<line number="31" hits="1"/>
						<line number="34" hits="1"/>
						<line number="37" hits="1"/>
						<line number="38" hits="1"/>
						<line number="40" hits="1"/>
						<line number="41" hits="1"/>
						<line number="43" hits="1"/>
						<line number="44" hits="1"/>
						<line number="46" hits="1"/>
						<line number="47" hits="1"/>
						<line number="50" hits="1"/>
						<line number="69" hits="0"/>
						<line number="71" hits="0" branch="true" condition-coverage="0% (0/2)" missing-branches="72,78"/>
						<line number="72" hits="0" branch="true" condition-coverage="0% (0/2)" missing-branches="exit,75"/>
						<line number="75" hits="0" branch="true" condition-coverage="0% (0/2)" missing-branches="exit,82"/>
						<line number="78" hits="0" branch="true" condition-coverage="0% (0/2)" missing-branches="79,82"/>
						<line number="79" hits="0" branch="true" condition-coverage="0% (0/2)" missing-branches="exit,80"/>
						<line number="80" hits="0" branch="true" condition-coverage="0% (0/2)" missing-branches="exit,82"/>
						<line number="82" hits="0" branch="true" condition-coverage="0% (0/2)" missing-branches="83,90"/>
						<line number="83" hits="0"/>
						<line number="90" hits="0"/>
						<line number="93" hits="1"/>
						<line number="109" hits="0" branch="true" condition-coverage="0% (0/2)" missing-branches="110,111"/>
						<line number="110" hits="0"/>
						<line number="111" hits="0"/>
						<line number="122" hits="1"/>
						<line number="136" hits="0" branch="true" condition-coverage="0% (0/2)" missing-branches="137,138"/>
						<line number="137" hits="0"/>
						<line number="138" hits="0"/>
						<line number="141" hits="1"/>
						<line number="149" hits="1"/>
						<line number="165" hits="1" branch="true" condition-coverage="50% (1/2)" missing-branches="166"/>
						<line number="166" hits="0"/>
						<line number="170" hits="1"/>
						<line number="173" hits="1"/>
						<line number="175" hits="1"/>
						<line number="184" hits="0" branch="true" condition-coverage="0% (0/2)" missing-branches="185,187"/>
						<line number="185" hits="0"/>
						<line number="186" hits="0"/>
						<line number="187" hits="0" branch="true" condition-coverage="0% (0/2)" missing-branches="188,191"/>
						<line number="188" hits="0"/>
						<line number="189" hits="0"/>
						<line number="191" hits="0" branch="true" condition-coverage="0% (0/2)" missing-branches="192,193"/>
						<line number="192" hits="0"/>
						<line number="193" hits="0" branch="true" condition-coverage="0% (0/2)" missing-branches="194,197"/>
						<line number="194" hits="0"/>
						<line number="197" hits="0" branch="true" condition-coverage="0% (0/2)" missing-branches="exit,198"/>
						<line number="198" hits="0"/>
						<line number="202" hits="1"/>
						<line number="206" hits="0"/>
						<line number="207" hits="0"/>
						<line number="209" hits="0" branch="true" condition-coverage="0% (0/2)" missing-branches="210,218"/>
						<line number="210" hits="0"/>
						<line number="218" hits="0"/>
						<line number="221" hits="1"/>
						<line number="222" hits="1"/>
						<line number="223" hits="1"/>
						<line number="226" hits="1"/>
						<line number="228" hits="1"/>
						<line number="230" hits="0" branch="true" condition-coverage="0% (0/2)" missing-branches="exit,231"/>
						<line number="231" hits="0"/>
						<line number="234" hits="1"/>
						<line number="244" hits="1"/>
						<line number="257" hits="1"/>
						<line number="259" hits="1"/>
					</lines>
				</class>
			</classes>
		</package>
	</packages>
</coverage>
